Problem:    Art12
Rows:       362
Columns:    505 (96 integer, 96 binary)
Non-zeros:  1153
Status:     INTEGER OPTIMAL
Objective:  FO = 1285.507778 (MINimum)

   No.   Row name        Activity     Lower bound   Upper bound
------ ------------    ------------- ------------- -------------
     1 FO                    1285.51                             
     2 rest0                    1000          1000             = 
     3 rest1[1,1]                  0            -0             = 
     4 rest1[1,2]                  0            -0             = 
     5 rest1[1,3]                  0            -0             = 
     6 rest1[1,4]                  0            -0             = 
     7 rest1[1,5]                  0            -0             = 
     8 rest1[1,6]                  0            -0             = 
     9 rest1[1,7]                  0            -0             = 
    10 rest1[1,8]                  0            -0             = 
    11 rest1[1,9]                  0            -0             = 
    12 rest1[1,10]                 0            -0             = 
    13 rest1[1,11]                 0            -0             = 
    14 rest1[1,12]                 0            -0             = 
    15 rest1[1,13]                 0            -0             = 
    16 rest1[1,14]                 0            -0             = 
    17 rest1[1,15]                 0            -0             = 
    18 rest1[1,16]                 0            -0             = 
    19 rest1[1,17]                 0            -0             = 
    20 rest1[1,18]                 0            -0             = 
    21 rest1[1,19]                 0            -0             = 
    22 rest1[1,20]                 0            -0             = 
    23 rest1[1,21]                 0            -0             = 
    24 rest1[1,22]                 0            -0             = 
    25 rest1[1,23]                 0            -0             = 
    26 rest1[1,24]                 0            -0             = 
    27 rest1[4,1]                  0            -0             = 
    28 rest1[4,2]                  0            -0             = 
    29 rest1[4,3]                  0            -0             = 
    30 rest1[4,4]                  0            -0             = 
    31 rest1[4,5]                  0            -0             = 
    32 rest1[4,6]                  0            -0             = 
    33 rest1[4,7]                  0            -0             = 
    34 rest1[4,8]                  0            -0             = 
    35 rest1[4,9]                  0            -0             = 
    36 rest1[4,10]                 0            -0             = 
    37 rest1[4,11]                 0            -0             = 
    38 rest1[4,12]                 0            -0             = 
    39 rest1[4,13]                 0            -0             = 
    40 rest1[4,14]                 0            -0             = 
    41 rest1[4,15]                 0            -0             = 
    42 rest1[4,16]                 0            -0             = 
    43 rest1[4,17]                 0            -0             = 
    44 rest1[4,18]                 0            -0             = 
    45 rest1[4,19]                 0            -0             = 
    46 rest1[4,20]                 0            -0             = 
    47 rest1[4,21]                 0            -0             = 
    48 rest1[4,22]                 0            -0             = 
    49 rest1[4,23]                 0            -0             = 
    50 rest1[4,24]                 0            -0             = 
    51 rest1[5,1]                  0            -0             = 
    52 rest1[5,2]                  0            -0             = 
    53 rest1[5,3]                  0            -0             = 
    54 rest1[5,4]                  0            -0             = 
    55 rest1[5,5]                  0            -0             = 
    56 rest1[5,6]                  0            -0             = 
    57 rest1[5,7]                  0            -0             = 
    58 rest1[5,8]                  0            -0             = 
    59 rest1[5,9]                  0            -0             = 
    60 rest1[5,10]                 0            -0             = 
    61 rest1[5,11]                 0            -0             = 
    62 rest1[5,12]                 0            -0             = 
    63 rest1[5,13]                 0            -0             = 
    64 rest1[5,14]                 0            -0             = 
    65 rest1[5,15]                 0            -0             = 
    66 rest1[5,16]                 0            -0             = 
    67 rest1[5,17]                 0            -0             = 
    68 rest1[5,18]                 0            -0             = 
    69 rest1[5,19]                 0            -0             = 
    70 rest1[5,20]                 0            -0             = 
    71 rest1[5,21]                 0            -0             = 
    72 rest1[5,22]                 0            -0             = 
    73 rest1[5,23]                 0            -0             = 
    74 rest1[5,24]                 0            -0             = 
    75 rest1[6,1]                  0            -0             = 
    76 rest1[6,2]                  0            -0             = 
    77 rest1[6,3]                  0            -0             = 
    78 rest1[6,4]                  0            -0             = 
    79 rest1[6,5]                  0            -0             = 
    80 rest1[6,6]                  0            -0             = 
    81 rest1[6,7]                  0            -0             = 
    82 rest1[6,8]                  0            -0             = 
    83 rest1[6,9]                  0            -0             = 
    84 rest1[6,10]                 0            -0             = 
    85 rest1[6,11]                 0            -0             = 
    86 rest1[6,12]                 0            -0             = 
    87 rest1[6,13]                 0            -0             = 
    88 rest1[6,14]                 0            -0             = 
    89 rest1[6,15]                 0            -0             = 
    90 rest1[6,16]                 0            -0             = 
    91 rest1[6,17]                 0            -0             = 
    92 rest1[6,18]                 0            -0             = 
    93 rest1[6,19]                 0            -0             = 
    94 rest1[6,20]                 0            -0             = 
    95 rest1[6,21]                 0            -0             = 
    96 rest1[6,22]                 0            -0             = 
    97 rest1[6,23]                 0            -0             = 
    98 rest1[6,24]                 0            -0             = 
    99 rest1[7,1]                  0            -0             = 
   100 rest1[7,2]                  0            -0             = 
   101 rest1[7,3]                  0            -0             = 
   102 rest1[7,4]                  0            -0             = 
   103 rest1[7,5]                  0            -0             = 
   104 rest1[7,6]                  0            -0             = 
   105 rest1[7,7]                  0            -0             = 
   106 rest1[7,8]                  0            -0             = 
   107 rest1[7,9]                  0            -0             = 
   108 rest1[7,10]                 0            -0             = 
   109 rest1[7,11]                 0            -0             = 
   110 rest1[7,12]                 0            -0             = 
   111 rest1[7,13]                 0            -0             = 
   112 rest1[7,14]                 0            -0             = 
   113 rest1[7,15]                 0            -0             = 
   114 rest1[7,16]                 0            -0             = 
   115 rest1[7,17]                 0            -0             = 
   116 rest1[7,18]                 0            -0             = 
   117 rest1[7,19]                 0            -0             = 
   118 rest1[7,20]                 0            -0             = 
   119 rest1[7,21]                 0            -0             = 
   120 rest1[7,22]                 0            -0             = 
   121 rest1[7,23]                 0            -0             = 
   122 rest1[7,24]                 0            -0             = 
   123 rest1[9,1]                  0            -0             = 
   124 rest1[9,2]                  0            -0             = 
   125 rest1[9,3]                  0            -0             = 
   126 rest1[9,4]                  0            -0             = 
   127 rest1[9,5]                  0            -0             = 
   128 rest1[9,6]                  0            -0             = 
   129 rest1[9,7]                  0            -0             = 
   130 rest1[9,8]                  0            -0             = 
   131 rest1[9,9]                  0            -0             = 
   132 rest1[9,10]                 0            -0             = 
   133 rest1[9,11]                 0            -0             = 
   134 rest1[9,12]                 0            -0             = 
   135 rest1[9,13]                 0            -0             = 
   136 rest1[9,14]                 0            -0             = 
   137 rest1[9,15]                 0            -0             = 
   138 rest1[9,16]                 0            -0             = 
   139 rest1[9,17]                 0            -0             = 
   140 rest1[9,18]                 0            -0             = 
   141 rest1[9,19]                 0            -0             = 
   142 rest1[9,20]                 0            -0             = 
   143 rest1[9,21]                 0            -0             = 
   144 rest1[9,22]                 0            -0             = 
   145 rest1[9,23]                 0            -0             = 
   146 rest1[9,24]                 0            -0             = 
   147 rest2[1]                  800           800             = 
   148 rest2[2]                  800           800             = 
   149 rest2[3]                  800           800             = 
   150 rest2[4]                  800           800             = 
   151 rest2[5]                  800           800             = 
   152 rest2[6]                  800           800             = 
   153 rest2[7]                 1100          1100             = 
   154 rest2[8]                 1100          1100             = 
   155 rest2[9]                 1100          1100             = 
   156 rest2[10]                1100          1100             = 
   157 rest2[11]                1100          1100             = 
   158 rest2[12]                1100          1100             = 
   159 rest2[13]                1100          1100             = 
   160 rest2[14]                1100          1100             = 
   161 rest2[15]                1100          1100             = 
   162 rest2[16]                1100          1100             = 
   163 rest2[17]                1100          1100             = 
   164 rest2[18]                1100          1100             = 
   165 rest2[19]                 800           800             = 
   166 rest2[20]                 800           800             = 
   167 rest2[21]                 800           800             = 
   168 rest2[22]                 800           800             = 
   169 rest2[23]                 800           800             = 
   170 rest2[24]                 800           800             = 
   171 rest3[2,1]                  0            -0             = 
   172 rest3[2,2]                  0            -0             = 
   173 rest3[2,3]                  0            -0             = 
   174 rest3[2,4]                  0            -0             = 
   175 rest3[2,5]                  0            -0             = 
   176 rest3[2,6]                  0            -0             = 
   177 rest3[2,7]                  0            -0             = 
   178 rest3[2,8]                  0            -0             = 
   179 rest3[2,9]                  0            -0             = 
   180 rest3[2,10]                 0            -0             = 
   181 rest3[2,11]                 0            -0             = 
   182 rest3[2,12]                 0            -0             = 
   183 rest3[2,13]                 0            -0             = 
   184 rest3[2,14]                 0            -0             = 
   185 rest3[2,15]                 0            -0             = 
   186 rest3[2,16]                 0            -0             = 
   187 rest3[2,17]                 0            -0             = 
   188 rest3[2,18]                 0            -0             = 
   189 rest3[2,19]                 0            -0             = 
   190 rest3[2,20]                 0            -0             = 
   191 rest3[2,21]                 0            -0             = 
   192 rest3[2,22]                 0            -0             = 
   193 rest3[2,23]                 0            -0             = 
   194 rest3[2,24]                 0            -0             = 
   195 rest3[3,1]                  0            -0             = 
   196 rest3[3,2]                  0            -0             = 
   197 rest3[3,3]                  0            -0             = 
   198 rest3[3,4]                  0            -0             = 
   199 rest3[3,5]                  0            -0             = 
   200 rest3[3,6]                  0            -0             = 
   201 rest3[3,7]                  0            -0             = 
   202 rest3[3,8]                  0            -0             = 
   203 rest3[3,9]                  0            -0             = 
   204 rest3[3,10]                 0            -0             = 
   205 rest3[3,11]                 0            -0             = 
   206 rest3[3,12]                 0            -0             = 
   207 rest3[3,13]                 0            -0             = 
   208 rest3[3,14]                 0            -0             = 
   209 rest3[3,15]                 0            -0             = 
   210 rest3[3,16]                 0            -0             = 
   211 rest3[3,17]                 0            -0             = 
   212 rest3[3,18]                 0            -0             = 
   213 rest3[3,19]                 0            -0             = 
   214 rest3[3,20]                 0            -0             = 
   215 rest3[3,21]                 0            -0             = 
   216 rest3[3,22]                 0            -0             = 
   217 rest3[3,23]                 0            -0             = 
   218 rest3[3,24]                 0            -0             = 
   219 rest4[2]                    0            -0             = 
   220 rest4[3]                    0            -0             = 
   221 rest4[4]                    0            -0             = 
   222 rest4[5]                    0            -0             = 
   223 rest4[6]                    0            -0             = 
   224 rest4[7]                    0            -0             = 
   225 rest4[8]                    0            -0             = 
   226 rest4[9]                    0            -0             = 
   227 rest4[10]                   0            -0             = 
   228 rest4[11]                   0            -0             = 
   229 rest4[12]                   0            -0             = 
   230 rest4[13]                   0            -0             = 
   231 rest4[14]                   0            -0             = 
   232 rest4[15]                   0            -0             = 
   233 rest4[16]                   0            -0             = 
   234 rest4[17]                   0            -0             = 
   235 rest4[18]                   0            -0             = 
   236 rest4[19]                   0            -0             = 
   237 rest4[20]                   0            -0             = 
   238 rest4[21]                   0            -0             = 
   239 rest4[22]                   0            -0             = 
   240 rest4[23]                   0            -0             = 
   241 rest4[24]                   0            -0             = 
   242 rest5                       0            -0             = 
   243 rest6[1,1]                  0                          -0 
   244 rest6[1,2]                  0                          -0 
   245 rest6[1,3]                -20                          -0 
   246 rest6[1,4]           -24.4444                          -0 
   247 rest6[1,5]                  0                          -0 
   248 rest6[1,6]                  0                          -0 
   249 rest6[1,7]                  0                          -0 
   250 rest6[1,8]                  0                          -0 
   251 rest6[1,9]                  0                          -0 
   252 rest6[1,10]                 0                          -0 
   253 rest6[1,11]                 0                          -0 
   254 rest6[1,12]                 0                          -0 
   255 rest6[1,13]                 0                          -0 
   256 rest6[1,14]                 0                          -0 
   257 rest6[1,15]                 0                          -0 
   258 rest6[1,16]                 0                          -0 
   259 rest6[1,17]                 0                          -0 
   260 rest6[1,18]                 0                          -0 
   261 rest6[1,19]                 0                          -0 
   262 rest6[1,20]                 0                          -0 
   263 rest6[1,21]                 0                          -0 
   264 rest6[1,22]                 0                          -0 
   265 rest6[1,23]                 0                          -0 
   266 rest6[1,24]                 0                          -0 
   267 rest6[2,1]                  0                          -0 
   268 rest6[2,2]                  0                          -0 
   269 rest6[2,3]                  0                          -0 
   270 rest6[2,4]                  0                          -0 
   271 rest6[2,5]                  0                          -0 
   272 rest6[2,6]                  0                          -0 
   273 rest6[2,7]                  0                          -0 
   274 rest6[2,8]                  0                          -0 
   275 rest6[2,9]                  0                          -0 
   276 rest6[2,10]                 0                          -0 
   277 rest6[2,11]                 0                          -0 
   278 rest6[2,12]                 0                          -0 
   279 rest6[2,13]                 0                          -0 
   280 rest6[2,14]                 0                          -0 
   281 rest6[2,15]                 0                          -0 
   282 rest6[2,16]                 0                          -0 
   283 rest6[2,17]                 0                          -0 
   284 rest6[2,18]                 0                          -0 
   285 rest6[2,19]                 0                          -0 
   286 rest6[2,20]                 0                          -0 
   287 rest6[2,21]                 0                          -0 
   288 rest6[2,22]                 0                          -0 
   289 rest6[2,23]                 0                          -0 
   290 rest6[2,24]                 0                          -0 
   291 rest6[3,1]                  0                          -0 
   292 rest6[3,2]                  0                          -0 
   293 rest6[3,3]                  0                          -0 
   294 rest6[3,4]                  0                          -0 
   295 rest6[3,5]                  0                          -0 
   296 rest6[3,6]                  0                          -0 
   297 rest6[3,7]                  0                          -0 
   298 rest6[3,8]                  0                          -0 
   299 rest6[3,9]                  0                          -0 
   300 rest6[3,10]                 0                          -0 
   301 rest6[3,11]                 0                          -0 
   302 rest6[3,12]                 0                          -0 
   303 rest6[3,13]                 0                          -0 
   304 rest6[3,14]                 0                          -0 
   305 rest6[3,15]                 0                          -0 
   306 rest6[3,16]                 0                          -0 
   307 rest6[3,17]                 0                          -0 
   308 rest6[3,18]                 0                          -0 
   309 rest6[3,19]                 0                          -0 
   310 rest6[3,20]                 0                          -0 
   311 rest6[3,21]                 0                          -0 
   312 rest6[3,22]                 0                          -0 
   313 rest6[3,23]                 0                          -0 
   314 rest6[3,24]                 0                          -0 
   315 rest7[1]                 -440                          -0 
   316 rest7[2]                    0                          -0 
   317 rest7[3]                 -460                          -0 
   318 rest7[4]             -464.444                          -0 
   319 rest7[5]                 -440                          -0 
   320 rest7[6]                 -440                          -0 
   321 rest7[7]                    0                          -0 
   322 rest7[8]                    0                          -0 
   323 rest7[9]                    0                          -0 
   324 rest7[10]                   0                          -0 
   325 rest7[11]                   0                          -0 
   326 rest7[12]                   0                          -0 
   327 rest7[13]                   0                          -0 
   328 rest7[14]                   0                          -0 
   329 rest7[15]                   0                          -0 
   330 rest7[16]                   0                          -0 
   331 rest7[17]                   0                          -0 
   332 rest7[18]                   0                          -0 
   333 rest7[19]                   0                          -0 
   334 rest7[20]                   0                          -0 
   335 rest7[21]                   0                          -0 
   336 rest7[22]                   0                          -0 
   337 rest7[23]                   0                          -0 
   338 rest7[24]                   0                          -0 
   339 rest8[1]                 1144                        4000 
   340 rest8[2]                 1144                        4000 
   341 rest8[3]                 1270                        4000 
   342 rest8[4]                 1392                        4000 
   343 rest8[5]                 1536                        4000 
   344 rest8[6]                 1680                        4000 
   345 rest8[7]                 1540                        4000 
   346 rest8[8]                 1400                        4000 
   347 rest8[9]                 1260                        4000 
   348 rest8[10]                1120                        4000 
   349 rest8[11]                 980                        4000 
   350 rest8[12]                 840                        4000 
   351 rest8[13]                 700                        4000 
   352 rest8[14]                 560                        4000 
   353 rest8[15]                 420                        4000 
   354 rest8[16]                 280                        4000 
   355 rest8[17]                 140                        4000 
   356 rest8[18]                   0                        4000 
   357 rest8[19]                   0                        4000 
   358 rest8[20]                   0                        4000 
   359 rest8[21]                   0                        4000 
   360 rest8[22]                   0                        4000 
   361 rest8[23]                   0                        4000 
   362 rest8[24]                   0                        4000 

   No. Column name       Activity     Lower bound   Upper bound
------ ------------    ------------- ------------- -------------
     1 x[9,11,1]                   0             0               
     2 x[7,8,1]                  160             0               
     3 x[0,1,1]                  140             0               
     4 x[0,2,1]                  800             0               
     5 x[0,3,1]                  350             0               
     6 x[9,11,2]                  20             0               
     7 x[7,8,2]                    0             0               
     8 x[0,1,2]                    0             0               
     9 x[0,2,2]                  800             0               
    10 x[0,3,2]                  350             0               
    11 x[9,11,3]                   0             0               
    12 x[7,8,3]                  140             0               
    13 x[0,1,3]                  120             0               
    14 x[0,2,3]                  800             0               
    15 x[0,3,3]                  350             0               
    16 x[9,11,4]                   0             0               
    17 x[7,8,4]              135.556             0               
    18 x[0,1,4]              115.556             0               
    19 x[0,2,4]                  800             0               
    20 x[0,3,4]                  350             0               
    21 x[9,11,5]                   0             0               
    22 x[7,8,5]                  160             0               
    23 x[0,1,5]                  140             0               
    24 x[0,2,5]                  800             0               
    25 x[0,3,5]                  350             0               
    26 x[9,11,6]                   0             0               
    27 x[7,8,6]                  160             0               
    28 x[0,1,6]                  140             0               
    29 x[0,2,6]                  800             0               
    30 x[0,3,6]                  350             0               
    31 x[9,11,7]                   0             0               
    32 x[7,8,7]                    0             0               
    33 x[0,1,7]                  140             0               
    34 x[0,2,7]                  800             0               
    35 x[0,3,7]                  350             0               
    36 x[9,11,8]                   0             0               
    37 x[7,8,8]                    0             0               
    38 x[0,1,8]                  140             0               
    39 x[0,2,8]                  800             0               
    40 x[0,3,8]                  350             0               
    41 x[9,11,9]                   0             0               
    42 x[7,8,9]                    0             0               
    43 x[0,1,9]                  140             0               
    44 x[0,2,9]                  800             0               
    45 x[0,3,9]                  350             0               
    46 x[9,11,10]                  0             0               
    47 x[7,8,10]                   0             0               
    48 x[0,1,10]                 140             0               
    49 x[0,2,10]                 800             0               
    50 x[0,3,10]                 350             0               
    51 x[9,11,11]                  0             0               
    52 x[7,8,11]                   0             0               
    53 x[0,1,11]                 140             0               
    54 x[0,2,11]                 800             0               
    55 x[0,3,11]                 350             0               
    56 x[9,11,12]                  0             0               
    57 x[7,8,12]                   0             0               
    58 x[0,1,12]                 140             0               
    59 x[0,2,12]                 800             0               
    60 x[0,3,12]                 350             0               
    61 x[9,11,13]                  0             0               
    62 x[7,8,13]                   0             0               
    63 x[0,1,13]                 140             0               
    64 x[0,2,13]                 800             0               
    65 x[0,3,13]                 350             0               
    66 x[9,11,14]                  0             0               
    67 x[7,8,14]                   0             0               
    68 x[0,1,14]                 140             0               
    69 x[0,2,14]                 800             0               
    70 x[0,3,14]                 350             0               
    71 x[9,11,15]                  0             0               
    72 x[7,8,15]                   0             0               
    73 x[0,1,15]                 140             0               
    74 x[0,2,15]                 800             0               
    75 x[0,3,15]                 350             0               
    76 x[9,11,16]                  0             0               
    77 x[7,8,16]                   0             0               
    78 x[0,1,16]                 140             0               
    79 x[0,2,16]                 800             0               
    80 x[0,3,16]                 350             0               
    81 x[9,11,17]                  0             0               
    82 x[7,8,17]                   0             0               
    83 x[0,1,17]                 140             0               
    84 x[0,2,17]                 800             0               
    85 x[0,3,17]                 350             0               
    86 x[9,11,18]                  0             0               
    87 x[7,8,18]                   0             0               
    88 x[0,1,18]                 140             0               
    89 x[0,2,18]                 800             0               
    90 x[0,3,18]                 350             0               
    91 x[9,11,19]                 20             0               
    92 x[7,8,19]                   0             0               
    93 x[0,1,19]                   0             0               
    94 x[0,2,19]                 800             0               
    95 x[0,3,19]                 350             0               
    96 x[9,11,20]                 20             0               
    97 x[7,8,20]                   0             0               
    98 x[0,1,20]                   0             0               
    99 x[0,2,20]                 800             0               
   100 x[0,3,20]                 350             0               
   101 x[9,11,21]                 20             0               
   102 x[7,8,21]                   0             0               
   103 x[0,1,21]                   0             0               
   104 x[0,2,21]                 800             0               
   105 x[0,3,21]                 350             0               
   106 x[9,11,22]                 20             0               
   107 x[7,8,22]                   0             0               
   108 x[0,1,22]                   0             0               
   109 x[0,2,22]                 800             0               
   110 x[0,3,22]                 350             0               
   111 x[9,11,23]                 20             0               
   112 x[7,8,23]                   0             0               
   113 x[0,1,23]                   0             0               
   114 x[0,2,23]                 800             0               
   115 x[0,3,23]                 350             0               
   116 x[9,11,24]                 20             0               
   117 x[7,8,24]                   0             0               
   118 x[0,1,24]                   0             0               
   119 x[0,2,24]                 800             0               
   120 x[0,3,24]                 350             0               
   121 x[1,4,1]                  140             0               
   122 x[1,4,2]                    0             0               
   123 x[1,4,3]                  120             0               
   124 x[1,4,4]              115.556             0               
   125 x[1,4,5]                  140             0               
   126 x[1,4,6]                  140             0               
   127 x[1,4,7]                  140             0               
   128 x[1,4,8]                  140             0               
   129 x[1,4,9]                  140             0               
   130 x[1,4,10]                 140             0               
   131 x[1,4,11]                 140             0               
   132 x[1,4,12]                 140             0               
   133 x[1,4,13]                 140             0               
   134 x[1,4,14]                 140             0               
   135 x[1,4,15]                 140             0               
   136 x[1,4,16]                 140             0               
   137 x[1,4,17]                 140             0               
   138 x[1,4,18]                 140             0               
   139 x[1,4,19]                   0             0               
   140 x[1,4,20]                   0             0               
   141 x[1,4,21]                   0             0               
   142 x[1,4,22]                   0             0               
   143 x[1,4,23]                   0             0               
   144 x[1,4,24]                   0             0               
   145 x[4,7,1]                  140             0               
   146 x[4,9,1]                    0             0               
   147 x[4,7,2]                    0             0               
   148 x[4,9,2]                    0             0               
   149 x[4,7,3]                    0             0               
   150 x[4,9,3]                  120             0               
   151 x[4,7,4]              115.556             0               
   152 x[4,9,4]                    0             0               
   153 x[4,7,5]                    0             0               
   154 x[4,9,5]                  140             0               
   155 x[4,7,6]                  140             0               
   156 x[4,9,6]                    0             0               
   157 x[4,7,7]                    0             0               
   158 x[4,9,7]                  140             0               
   159 x[4,7,8]                    0             0               
   160 x[4,9,8]                  140             0               
   161 x[4,7,9]                    0             0               
   162 x[4,9,9]                  140             0               
   163 x[4,7,10]                   0             0               
   164 x[4,9,10]                 140             0               
   165 x[4,7,11]                   0             0               
   166 x[4,9,11]                 140             0               
   167 x[4,7,12]                   0             0               
   168 x[4,9,12]                 140             0               
   169 x[4,7,13]                   0             0               
   170 x[4,9,13]                 140             0               
   171 x[4,7,14]                   0             0               
   172 x[4,9,14]                 140             0               
   173 x[4,7,15]                   0             0               
   174 x[4,9,15]                 140             0               
   175 x[4,7,16]                   0             0               
   176 x[4,9,16]                 140             0               
   177 x[4,7,17]                   0             0               
   178 x[4,9,17]                 140             0               
   179 x[4,7,18]                   0             0               
   180 x[4,9,18]                 140             0               
   181 x[4,7,19]                   0             0               
   182 x[4,9,19]                   0             0               
   183 x[4,7,20]                   0             0               
   184 x[4,9,20]                   0             0               
   185 x[4,7,21]                   0             0               
   186 x[4,9,21]                   0             0               
   187 x[4,7,22]                   0             0               
   188 x[4,9,22]                   0             0               
   189 x[4,7,23]                   0             0               
   190 x[4,9,23]                   0             0               
   191 x[4,7,24]                   0             0               
   192 x[4,9,24]                   0             0               
   193 x[5,7,1]                    0             0               
   194 x[5,9,1]                  680             0               
   195 x[2,5,1]                  680             0               
   196 x[5,7,2]                    0             0               
   197 x[5,9,2]                  680             0               
   198 x[2,5,2]                  680             0               
   199 x[5,7,3]                    0             0               
   200 x[5,9,3]                  680             0               
   201 x[2,5,3]                  680             0               
   202 x[5,7,4]                    0             0               
   203 x[5,9,4]                  680             0               
   204 x[2,5,4]                  680             0               
   205 x[5,7,5]                  160             0               
   206 x[5,9,5]                  520             0               
   207 x[2,5,5]                  680             0               
   208 x[5,7,6]                    0             0               
   209 x[5,9,6]                  680             0               
   210 x[2,5,6]                  680             0               
   211 x[5,7,7]                    0             0               
   212 x[5,9,7]                  680             0               
   213 x[2,5,7]                  680             0               
   214 x[5,7,8]                    0             0               
   215 x[5,9,8]                  680             0               
   216 x[2,5,8]                  680             0               
   217 x[5,7,9]                    0             0               
   218 x[5,9,9]                  680             0               
   219 x[2,5,9]                  680             0               
   220 x[5,7,10]                   0             0               
   221 x[5,9,10]                 680             0               
   222 x[2,5,10]                 680             0               
   223 x[5,7,11]                   0             0               
   224 x[5,9,11]                 680             0               
   225 x[2,5,11]                 680             0               
   226 x[5,7,12]                   0             0               
   227 x[5,9,12]                 680             0               
   228 x[2,5,12]                 680             0               
   229 x[5,7,13]                   0             0               
   230 x[5,9,13]                 680             0               
   231 x[2,5,13]                 680             0               
   232 x[5,7,14]                   0             0               
   233 x[5,9,14]                 680             0               
   234 x[2,5,14]                 680             0               
   235 x[5,7,15]                   0             0               
   236 x[5,9,15]                 680             0               
   237 x[2,5,15]                 680             0               
   238 x[5,7,16]                   0             0               
   239 x[5,9,16]                 680             0               
   240 x[2,5,16]                 680             0               
   241 x[5,7,17]                   0             0               
   242 x[5,9,17]                 680             0               
   243 x[2,5,17]                 680             0               
   244 x[5,7,18]                   0             0               
   245 x[5,9,18]                 680             0               
   246 x[2,5,18]                 680             0               
   247 x[5,7,19]                   0             0               
   248 x[5,9,19]                 680             0               
   249 x[2,5,19]                 680             0               
   250 x[5,7,20]                   0             0               
   251 x[5,9,20]                 680             0               
   252 x[2,5,20]                 680             0               
   253 x[5,7,21]                   0             0               
   254 x[5,9,21]                 680             0               
   255 x[2,5,21]                 680             0               
   256 x[5,7,22]                   0             0               
   257 x[5,9,22]                 680             0               
   258 x[2,5,22]                 680             0               
   259 x[5,7,23]                   0             0               
   260 x[5,9,23]                 680             0               
   261 x[2,5,23]                 680             0               
   262 x[5,7,24]                   0             0               
   263 x[5,9,24]                 680             0               
   264 x[2,5,24]                 680             0               
   265 x[6,7,1]                   20             0               
   266 x[6,9,1]                  120             0               
   267 x[3,6,1]                  140             0               
   268 x[6,7,2]                    0             0               
   269 x[6,9,2]                  140             0               
   270 x[3,6,2]                  140             0               
   271 x[6,7,3]                  140             0               
   272 x[6,9,3]                    0             0               
   273 x[3,6,3]                  140             0               
   274 x[6,7,4]                   20             0               
   275 x[6,9,4]                  120             0               
   276 x[3,6,4]                  140             0               
   277 x[6,7,5]                    0             0               
   278 x[6,9,5]                  140             0               
   279 x[3,6,5]                  140             0               
   280 x[6,7,6]                   20             0               
   281 x[6,9,6]                  120             0               
   282 x[3,6,6]                  140             0               
   283 x[6,7,7]                    0             0               
   284 x[6,9,7]                  140             0               
   285 x[3,6,7]                  140             0               
   286 x[6,7,8]                    0             0               
   287 x[6,9,8]                  140             0               
   288 x[3,6,8]                  140             0               
   289 x[6,7,9]                    0             0               
   290 x[6,9,9]                  140             0               
   291 x[3,6,9]                  140             0               
   292 x[6,7,10]                   0             0               
   293 x[6,9,10]                 140             0               
   294 x[3,6,10]                 140             0               
   295 x[6,7,11]                   0             0               
   296 x[6,9,11]                 140             0               
   297 x[3,6,11]                 140             0               
   298 x[6,7,12]                   0             0               
   299 x[6,9,12]                 140             0               
   300 x[3,6,12]                 140             0               
   301 x[6,7,13]                   0             0               
   302 x[6,9,13]                 140             0               
   303 x[3,6,13]                 140             0               
   304 x[6,7,14]                   0             0               
   305 x[6,9,14]                 140             0               
   306 x[3,6,14]                 140             0               
   307 x[6,7,15]                   0             0               
   308 x[6,9,15]                 140             0               
   309 x[3,6,15]                 140             0               
   310 x[6,7,16]                   0             0               
   311 x[6,9,16]                 140             0               
   312 x[3,6,16]                 140             0               
   313 x[6,7,17]                   0             0               
   314 x[6,9,17]                 140             0               
   315 x[3,6,17]                 140             0               
   316 x[6,7,18]                   0             0               
   317 x[6,9,18]                 140             0               
   318 x[3,6,18]                 140             0               
   319 x[6,7,19]                   0             0               
   320 x[6,9,19]                 140             0               
   321 x[3,6,19]                 140             0               
   322 x[6,7,20]                   0             0               
   323 x[6,9,20]                 140             0               
   324 x[3,6,20]                 140             0               
   325 x[6,7,21]                   0             0               
   326 x[6,9,21]                 140             0               
   327 x[3,6,21]                 140             0               
   328 x[6,7,22]                   0             0               
   329 x[6,9,22]                 140             0               
   330 x[3,6,22]                 140             0               
   331 x[6,7,23]                   0             0               
   332 x[6,9,23]                 140             0               
   333 x[3,6,23]                 140             0               
   334 x[6,7,24]                   0             0               
   335 x[6,9,24]                 140             0               
   336 x[3,6,24]                 140             0               
   337 x[9,10,1]                 800             0               
   338 x[8,9,1]                    0             0               
   339 x[9,10,2]                 800             0               
   340 x[8,9,2]                    0             0               
   341 x[9,10,3]                 800             0               
   342 x[8,9,3]                    0             0               
   343 x[9,10,4]                 800             0               
   344 x[8,9,4]                    0             0               
   345 x[9,10,5]                 800             0               
   346 x[8,9,5]                    0             0               
   347 x[9,10,6]                 800             0               
   348 x[8,9,6]                    0             0               
   349 x[9,10,7]                1100             0               
   350 x[8,9,7]                  140             0               
   351 x[9,10,8]                1100             0               
   352 x[8,9,8]                  140             0               
   353 x[9,10,9]                1100             0               
   354 x[8,9,9]                  140             0               
   355 x[9,10,10]               1100             0               
   356 x[8,9,10]                 140             0               
   357 x[9,10,11]               1100             0               
   358 x[8,9,11]                 140             0               
   359 x[9,10,12]               1100             0               
   360 x[8,9,12]                 140             0               
   361 x[9,10,13]               1100             0               
   362 x[8,9,13]                 140             0               
   363 x[9,10,14]               1100             0               
   364 x[8,9,14]                 140             0               
   365 x[9,10,15]               1100             0               
   366 x[8,9,15]                 140             0               
   367 x[9,10,16]               1100             0               
   368 x[8,9,16]                 140             0               
   369 x[9,10,17]               1100             0               
   370 x[8,9,17]                 140             0               
   371 x[9,10,18]               1100             0               
   372 x[8,9,18]                 140             0               
   373 x[9,10,19]                800             0               
   374 x[8,9,19]                   0             0               
   375 x[9,10,20]                800             0               
   376 x[8,9,20]                   0             0               
   377 x[9,10,21]                800             0               
   378 x[8,9,21]                   0             0               
   379 x[9,10,22]                800             0               
   380 x[8,9,22]                   0             0               
   381 x[9,10,23]                800             0               
   382 x[8,9,23]                   0             0               
   383 x[9,10,24]                800             0               
   384 x[8,9,24]                   0             0               
   385 y[1,1]       *              1             0             1 
   386 y[2,1]       *              1             0             1 
   387 y[3,1]       *              1             0             1 
   388 y[8,1]       *              1             0             1 
   389 y[1,2]       *              0             0             1 
   390 y[2,2]       *              1             0             1 
   391 y[3,2]       *              1             0             1 
   392 y[8,2]       *              0             0             1 
   393 y[1,3]       *              1             0             1 
   394 y[2,3]       *              1             0             1 
   395 y[3,3]       *              1             0             1 
   396 y[8,3]       *              1             0             1 
   397 y[1,4]       *              1             0             1 
   398 y[2,4]       *              1             0             1 
   399 y[3,4]       *              1             0             1 
   400 y[8,4]       *              1             0             1 
   401 y[1,5]       *              1             0             1 
   402 y[2,5]       *              1             0             1 
   403 y[3,5]       *              1             0             1 
   404 y[8,5]       *              1             0             1 
   405 y[1,6]       *              1             0             1 
   406 y[2,6]       *              1             0             1 
   407 y[3,6]       *              1             0             1 
   408 y[8,6]       *              1             0             1 
   409 y[1,7]       *              1             0             1 
   410 y[2,7]       *              1             0             1 
   411 y[3,7]       *              1             0             1 
   412 y[8,7]       *              0             0             1 
   413 y[1,8]       *              1             0             1 
   414 y[2,8]       *              1             0             1 
   415 y[3,8]       *              1             0             1 
   416 y[8,8]       *              0             0             1 
   417 y[1,9]       *              1             0             1 
   418 y[2,9]       *              1             0             1 
   419 y[3,9]       *              1             0             1 
   420 y[8,9]       *              0             0             1 
   421 y[1,10]      *              1             0             1 
   422 y[2,10]      *              1             0             1 
   423 y[3,10]      *              1             0             1 
   424 y[8,10]      *              0             0             1 
   425 y[1,11]      *              1             0             1 
   426 y[2,11]      *              1             0             1 
   427 y[3,11]      *              1             0             1 
   428 y[8,11]      *              0             0             1 
   429 y[1,12]      *              1             0             1 
   430 y[2,12]      *              1             0             1 
   431 y[3,12]      *              1             0             1 
   432 y[8,12]      *              0             0             1 
   433 y[1,13]      *              1             0             1 
   434 y[2,13]      *              1             0             1 
   435 y[3,13]      *              1             0             1 
   436 y[8,13]      *              0             0             1 
   437 y[1,14]      *              1             0             1 
   438 y[2,14]      *              1             0             1 
   439 y[3,14]      *              1             0             1 
   440 y[8,14]      *              0             0             1 
   441 y[1,15]      *              1             0             1 
   442 y[2,15]      *              1             0             1 
   443 y[3,15]      *              1             0             1 
   444 y[8,15]      *              0             0             1 
   445 y[1,16]      *              1             0             1 
   446 y[2,16]      *              1             0             1 
   447 y[3,16]      *              1             0             1 
   448 y[8,16]      *              0             0             1 
   449 y[1,17]      *              1             0             1 
   450 y[2,17]      *              1             0             1 
   451 y[3,17]      *              1             0             1 
   452 y[8,17]      *              0             0             1 
   453 y[1,18]      *              1             0             1 
   454 y[2,18]      *              1             0             1 
   455 y[3,18]      *              1             0             1 
   456 y[8,18]      *              0             0             1 
   457 y[1,19]      *              0             0             1 
   458 y[2,19]      *              1             0             1 
   459 y[3,19]      *              1             0             1 
   460 y[8,19]      *              0             0             1 
   461 y[1,20]      *              0             0             1 
   462 y[2,20]      *              1             0             1 
   463 y[3,20]      *              1             0             1 
   464 y[8,20]      *              0             0             1 
   465 y[1,21]      *              0             0             1 
   466 y[2,21]      *              1             0             1 
   467 y[3,21]      *              1             0             1 
   468 y[8,21]      *              0             0             1 
   469 y[1,22]      *              0             0             1 
   470 y[2,22]      *              1             0             1 
   471 y[3,22]      *              1             0             1 
   472 y[8,22]      *              0             0             1 
   473 y[1,23]      *              0             0             1 
   474 y[2,23]      *              1             0             1 
   475 y[3,23]      *              1             0             1 
   476 y[8,23]      *              0             0             1 
   477 y[1,24]      *              0             0             1 
   478 y[2,24]      *              1             0             1 
   479 y[3,24]      *              1             0             1 
   480 y[8,24]      *              0             0             1 
   481 I[0]                     1000             0               
   482 I[1]                     1144             0               
   483 I[2]                     1144             0               
   484 I[3]                     1270             0               
   485 I[4]                     1392             0               
   486 I[5]                     1536             0               
   487 I[6]                     1680             0               
   488 I[7]                     1540             0               
   489 I[8]                     1400             0               
   490 I[9]                     1260             0               
   491 I[10]                    1120             0               
   492 I[11]                     980             0               
   493 I[12]                     840             0               
   494 I[13]                     700             0               
   495 I[14]                     560             0               
   496 I[15]                     420             0               
   497 I[16]                     280             0               
   498 I[17]                     140             0               
   499 I[18]                       0             0               
   500 I[19]                       0             0               
   501 I[20]                       0             0               
   502 I[21]                       0             0               
   503 I[22]                       0             0               
   504 I[23]                       0             0               
   505 I[24]                       0             0               

Integer feasibility conditions:

KKT.PE: max.abs.err = 0.00e+00 on row 0
        max.rel.err = 0.00e+00 on row 0
        High quality

KKT.PB: max.abs.err = 0.00e+00 on row 0
        max.rel.err = 0.00e+00 on row 0
        High quality

End of output
