Problem:    orden
Rows:       231
Columns:    120 (110 integer, 110 binary)
Non-zeros:  690
Status:     INTEGER EMPTY
Objective:  FO = 0 (MAXimum)

   No.   Row name        Activity     Lower bound   Upper bound
------ ------------    ------------- ------------- -------------
     1 FO                          0                             
     2 r1                          0            15             = 
     3 r2                          0             4             = 
     4 r3                          0           667             = 
     5 r4                          0            82             = 
     6 r5                          0           100             = 
     7 r6                          0          1785             = 
     8 r7                          0            85             = 
     9 r8                          0            58             = 
    10 r9                          0         15684             = 
    11 r10                         0          4865             = 
    12 res1[1,1]                   0                       10000 
    13 res1[1,2]                   0                       10000 
    14 res1[1,3]                   0                       10000 
    15 res1[1,4]                   0                       10000 
    16 res1[1,5]                   0                       10000 
    17 res1[1,6]                   0                       10000 
    18 res1[1,7]                   0                       10000 
    19 res1[1,8]                   0                       10000 
    20 res1[1,9]                   0                       10000 
    21 res1[1,10]                  0                       10000 
    22 res1[2,1]                   0                       10000 
    23 res1[2,2]                   0                       10000 
    24 res1[2,3]                   0                       10000 
    25 res1[2,4]                   0                       10000 
    26 res1[2,5]                   0                       10000 
    27 res1[2,6]                   0                       10000 
    28 res1[2,7]                   0                       10000 
    29 res1[2,8]                   0                       10000 
    30 res1[2,9]                   0                       10000 
    31 res1[2,10]                  0                       10000 
    32 res1[3,1]                   0                       10000 
    33 res1[3,2]                   0                       10000 
    34 res1[3,3]                   0                       10000 
    35 res1[3,4]                   0                       10000 
    36 res1[3,5]                   0                       10000 
    37 res1[3,6]                   0                       10000 
    38 res1[3,7]                   0                       10000 
    39 res1[3,8]                   0                       10000 
    40 res1[3,9]                   0                       10000 
    41 res1[3,10]                  0                       10000 
    42 res1[4,1]                   0                       10000 
    43 res1[4,2]                   0                       10000 
    44 res1[4,3]                   0                       10000 
    45 res1[4,4]                   0                       10000 
    46 res1[4,5]                   0                       10000 
    47 res1[4,6]                   0                       10000 
    48 res1[4,7]                   0                       10000 
    49 res1[4,8]                   0                       10000 
    50 res1[4,9]                   0                       10000 
    51 res1[4,10]                  0                       10000 
    52 res1[5,1]                   0                       10000 
    53 res1[5,2]                   0                       10000 
    54 res1[5,3]                   0                       10000 
    55 res1[5,4]                   0                       10000 
    56 res1[5,5]                   0                       10000 
    57 res1[5,6]                   0                       10000 
    58 res1[5,7]                   0                       10000 
    59 res1[5,8]                   0                       10000 
    60 res1[5,9]                   0                       10000 
    61 res1[5,10]                  0                       10000 
    62 res1[6,1]                   0                       10000 
    63 res1[6,2]                   0                       10000 
    64 res1[6,3]                   0                       10000 
    65 res1[6,4]                   0                       10000 
    66 res1[6,5]                   0                       10000 
    67 res1[6,6]                   0                       10000 
    68 res1[6,7]                   0                       10000 
    69 res1[6,8]                   0                       10000 
    70 res1[6,9]                   0                       10000 
    71 res1[6,10]                  0                       10000 
    72 res1[7,1]                   0                       10000 
    73 res1[7,2]                   0                       10000 
    74 res1[7,3]                   0                       10000 
    75 res1[7,4]                   0                       10000 
    76 res1[7,5]                   0                       10000 
    77 res1[7,6]                   0                       10000 
    78 res1[7,7]                   0                       10000 
    79 res1[7,8]                   0                       10000 
    80 res1[7,9]                   0                       10000 
    81 res1[7,10]                  0                       10000 
    82 res1[8,1]                   0                       10000 
    83 res1[8,2]                   0                       10000 
    84 res1[8,3]                   0                       10000 
    85 res1[8,4]                   0                       10000 
    86 res1[8,5]                   0                       10000 
    87 res1[8,6]                   0                       10000 
    88 res1[8,7]                   0                       10000 
    89 res1[8,8]                   0                       10000 
    90 res1[8,9]                   0                       10000 
    91 res1[8,10]                  0                       10000 
    92 res1[9,1]                   0                       10000 
    93 res1[9,2]                   0                       10000 
    94 res1[9,3]                   0                       10000 
    95 res1[9,4]                   0                       10000 
    96 res1[9,5]                   0                       10000 
    97 res1[9,6]                   0                       10000 
    98 res1[9,7]                   0                       10000 
    99 res1[9,8]                   0                       10000 
   100 res1[9,9]                   0                       10000 
   101 res1[9,10]                  0                       10000 
   102 res1[10,1]                  0                       10000 
   103 res1[10,2]                  0                       10000 
   104 res1[10,3]                  0                       10000 
   105 res1[10,4]                  0                       10000 
   106 res1[10,5]                  0                       10000 
   107 res1[10,6]                  0                       10000 
   108 res1[10,7]                  0                       10000 
   109 res1[10,8]                  0                       10000 
   110 res1[10,9]                  0                       10000 
   111 res1[10,10]                 0                       10000 
   112 res2[1,1]                   0            -0               
   113 res2[1,2]                   0            -0               
   114 res2[1,3]                   0            -0               
   115 res2[1,4]                   0            -0               
   116 res2[1,5]                   0            -0               
   117 res2[1,6]                   0            -0               
   118 res2[1,7]                   0            -0               
   119 res2[1,8]                   0            -0               
   120 res2[1,9]                   0            -0               
   121 res2[1,10]                  0            -0               
   122 res2[2,1]                   0            -0               
   123 res2[2,2]                   0            -0               
   124 res2[2,3]                   0            -0               
   125 res2[2,4]                   0            -0               
   126 res2[2,5]                   0            -0               
   127 res2[2,6]                   0            -0               
   128 res2[2,7]                   0            -0               
   129 res2[2,8]                   0            -0               
   130 res2[2,9]                   0            -0               
   131 res2[2,10]                  0            -0               
   132 res2[3,1]                   0            -0               
   133 res2[3,2]                   0            -0               
   134 res2[3,3]                   0            -0               
   135 res2[3,4]                   0            -0               
   136 res2[3,5]                   0            -0               
   137 res2[3,6]                   0            -0               
   138 res2[3,7]                   0            -0               
   139 res2[3,8]                   0            -0               
   140 res2[3,9]                   0            -0               
   141 res2[3,10]                  0            -0               
   142 res2[4,1]                   0            -0               
   143 res2[4,2]                   0            -0               
   144 res2[4,3]                   0            -0               
   145 res2[4,4]                   0            -0               
   146 res2[4,5]                   0            -0               
   147 res2[4,6]                   0            -0               
   148 res2[4,7]                   0            -0               
   149 res2[4,8]                   0            -0               
   150 res2[4,9]                   0            -0               
   151 res2[4,10]                  0            -0               
   152 res2[5,1]                   0            -0               
   153 res2[5,2]                   0            -0               
   154 res2[5,3]                   0            -0               
   155 res2[5,4]                   0            -0               
   156 res2[5,5]                   0            -0               
   157 res2[5,6]                   0            -0               
   158 res2[5,7]                   0            -0               
   159 res2[5,8]                   0            -0               
   160 res2[5,9]                   0            -0               
   161 res2[5,10]                  0            -0               
   162 res2[6,1]                   0            -0               
   163 res2[6,2]                   0            -0               
   164 res2[6,3]                   0            -0               
   165 res2[6,4]                   0            -0               
   166 res2[6,5]                   0            -0               
   167 res2[6,6]                   0            -0               
   168 res2[6,7]                   0            -0               
   169 res2[6,8]                   0            -0               
   170 res2[6,9]                   0            -0               
   171 res2[6,10]                  0            -0               
   172 res2[7,1]                   0            -0               
   173 res2[7,2]                   0            -0               
   174 res2[7,3]                   0            -0               
   175 res2[7,4]                   0            -0               
   176 res2[7,5]                   0            -0               
   177 res2[7,6]                   0            -0               
   178 res2[7,7]                   0            -0               
   179 res2[7,8]                   0            -0               
   180 res2[7,9]                   0            -0               
   181 res2[7,10]                  0            -0               
   182 res2[8,1]                   0            -0               
   183 res2[8,2]                   0            -0               
   184 res2[8,3]                   0            -0               
   185 res2[8,4]                   0            -0               
   186 res2[8,5]                   0            -0               
   187 res2[8,6]                   0            -0               
   188 res2[8,7]                   0            -0               
   189 res2[8,8]                   0            -0               
   190 res2[8,9]                   0            -0               
   191 res2[8,10]                  0            -0               
   192 res2[9,1]                   0            -0               
   193 res2[9,2]                   0            -0               
   194 res2[9,3]                   0            -0               
   195 res2[9,4]                   0            -0               
   196 res2[9,5]                   0            -0               
   197 res2[9,6]                   0            -0               
   198 res2[9,7]                   0            -0               
   199 res2[9,8]                   0            -0               
   200 res2[9,9]                   0            -0               
   201 res2[9,10]                  0            -0               
   202 res2[10,1]                  0            -0               
   203 res2[10,2]                  0            -0               
   204 res2[10,3]                  0            -0               
   205 res2[10,4]                  0            -0               
   206 res2[10,5]                  0            -0               
   207 res2[10,6]                  0            -0               
   208 res2[10,7]                  0            -0               
   209 res2[10,8]                  0            -0               
   210 res2[10,9]                  0            -0               
   211 res2[10,10]                 0            -0               
   212 res3[1]                     0            -0             = 
   213 res3[2]                     0            -0             = 
   214 res3[3]                     0            -0             = 
   215 res3[4]                     0            -0             = 
   216 res3[5]                     0            -0             = 
   217 res3[6]                     0            -0             = 
   218 res3[7]                     0            -0             = 
   219 res3[8]                     0            -0             = 
   220 res3[9]                     0            -0             = 
   221 res3[10]                    0            -0             = 
   222 res4[1]                     0            -0             = 
   223 res4[2]                     0            -0             = 
   224 res4[3]                     0            -0             = 
   225 res4[4]                     0            -0             = 
   226 res4[5]                     0            -0             = 
   227 res4[6]                     0            -0             = 
   228 res4[7]                     0            -0             = 
   229 res4[8]                     0            -0             = 
   230 res4[9]                     0            -0             = 
   231 res4[10]                    0            -0             = 

   No. Column name       Activity     Lower bound   Upper bound
------ ------------    ------------- ------------- -------------
     1 y[1]                        0                             
     2 y[2]                        0                             
     3 y[3]                        0                             
     4 y[4]                        0                             
     5 y[5]                        0                             
     6 y[6]                        0                             
     7 y[7]                        0                             
     8 y[8]                        0                             
     9 y[9]                        0                             
    10 y[10]                       0                             
    11 BETA[1,1]    *              0             0             1 
    12 BETA[1,2]    *              0             0             1 
    13 BETA[1,3]    *              0             0             1 
    14 BETA[1,4]    *              0             0             1 
    15 BETA[1,5]    *              0             0             1 
    16 BETA[1,6]    *              0             0             1 
    17 BETA[1,7]    *              0             0             1 
    18 BETA[1,8]    *              0             0             1 
    19 BETA[1,9]    *              0             0             1 
    20 BETA[1,10]   *              0             0             1 
    21 BETA[2,1]    *              0             0             1 
    22 BETA[2,2]    *              0             0             1 
    23 BETA[2,3]    *              0             0             1 
    24 BETA[2,4]    *              0             0             1 
    25 BETA[2,5]    *              0             0             1 
    26 BETA[2,6]    *              0             0             1 
    27 BETA[2,7]    *              0             0             1 
    28 BETA[2,8]    *              0             0             1 
    29 BETA[2,9]    *              0             0             1 
    30 BETA[2,10]   *              0             0             1 
    31 BETA[3,1]    *              0             0             1 
    32 BETA[3,2]    *              0             0             1 
    33 BETA[3,3]    *              0             0             1 
    34 BETA[3,4]    *              0             0             1 
    35 BETA[3,5]    *              0             0             1 
    36 BETA[3,6]    *              0             0             1 
    37 BETA[3,7]    *              0             0             1 
    38 BETA[3,8]    *              0             0             1 
    39 BETA[3,9]    *              0             0             1 
    40 BETA[3,10]   *              0             0             1 
    41 BETA[4,1]    *              0             0             1 
    42 BETA[4,2]    *              0             0             1 
    43 BETA[4,3]    *              0             0             1 
    44 BETA[4,4]    *              0             0             1 
    45 BETA[4,5]    *              0             0             1 
    46 BETA[4,6]    *              0             0             1 
    47 BETA[4,7]    *              0             0             1 
    48 BETA[4,8]    *              0             0             1 
    49 BETA[4,9]    *              0             0             1 
    50 BETA[4,10]   *              0             0             1 
    51 BETA[5,1]    *              0             0             1 
    52 BETA[5,2]    *              0             0             1 
    53 BETA[5,3]    *              0             0             1 
    54 BETA[5,4]    *              0             0             1 
    55 BETA[5,5]    *              0             0             1 
    56 BETA[5,6]    *              0             0             1 
    57 BETA[5,7]    *              0             0             1 
    58 BETA[5,8]    *              0             0             1 
    59 BETA[5,9]    *              0             0             1 
    60 BETA[5,10]   *              0             0             1 
    61 BETA[6,1]    *              0             0             1 
    62 BETA[6,2]    *              0             0             1 
    63 BETA[6,3]    *              0             0             1 
    64 BETA[6,4]    *              0             0             1 
    65 BETA[6,5]    *              0             0             1 
    66 BETA[6,6]    *              0             0             1 
    67 BETA[6,7]    *              0             0             1 
    68 BETA[6,8]    *              0             0             1 
    69 BETA[6,9]    *              0             0             1 
    70 BETA[6,10]   *              0             0             1 
    71 BETA[7,1]    *              0             0             1 
    72 BETA[7,2]    *              0             0             1 
    73 BETA[7,3]    *              0             0             1 
    74 BETA[7,4]    *              0             0             1 
    75 BETA[7,5]    *              0             0             1 
    76 BETA[7,6]    *              0             0             1 
    77 BETA[7,7]    *              0             0             1 
    78 BETA[7,8]    *              0             0             1 
    79 BETA[7,9]    *              0             0             1 
    80 BETA[7,10]   *              0             0             1 
    81 BETA[8,1]    *              0             0             1 
    82 BETA[8,2]    *              0             0             1 
    83 BETA[8,3]    *              0             0             1 
    84 BETA[8,4]    *              0             0             1 
    85 BETA[8,5]    *              0             0             1 
    86 BETA[8,6]    *              0             0             1 
    87 BETA[8,7]    *              0             0             1 
    88 BETA[8,8]    *              0             0             1 
    89 BETA[8,9]    *              0             0             1 
    90 BETA[8,10]   *              0             0             1 
    91 BETA[9,1]    *              0             0             1 
    92 BETA[9,2]    *              0             0             1 
    93 BETA[9,3]    *              0             0             1 
    94 BETA[9,4]    *              0             0             1 
    95 BETA[9,5]    *              0             0             1 
    96 BETA[9,6]    *              0             0             1 
    97 BETA[9,7]    *              0             0             1 
    98 BETA[9,8]    *              0             0             1 
    99 BETA[9,9]    *              0             0             1 
   100 BETA[9,10]   *              0             0             1 
   101 BETA[10,1]   *              0             0             1 
   102 BETA[10,2]   *              0             0             1 
   103 BETA[10,3]   *              0             0             1 
   104 BETA[10,4]   *              0             0             1 
   105 BETA[10,5]   *              0             0             1 
   106 BETA[10,6]   *              0             0             1 
   107 BETA[10,7]   *              0             0             1 
   108 BETA[10,8]   *              0             0             1 
   109 BETA[10,9]   *              0             0             1 
   110 BETA[10,10]  *              0             0             1 
   111 MIU[1]       *              0             0             1 
   112 MIU[2]       *              0             0             1 
   113 MIU[3]       *              0             0             1 
   114 MIU[4]       *              0             0             1 
   115 MIU[5]       *              0             0             1 
   116 MIU[6]       *              0             0             1 
   117 MIU[7]       *              0             0             1 
   118 MIU[8]       *              0             0             1 
   119 MIU[9]       *              0             0             1 
   120 MIU[10]      *              0             0             1 

Integer feasibility conditions:

KKT.PE: max.abs.err = 0.00e+00 on row 0
        max.rel.err = 0.00e+00 on row 0
        High quality

KKT.PB: max.abs.err = 1.57e+04 on row 10
        max.rel.err = 1.00e+00 on row 10
        SOLUTION IS INFEASIBLE

End of output
